<?xml version="1.0" encoding="UTF-8"?>
<coverage generated="1694030382826" clover="3.2.0">
  <project timestamp="1694030382826" name="All files">
    <metrics statements="15" coveredstatements="15" conditionals="10" coveredconditionals="10" methods="4" coveredmethods="4" elements="29" coveredelements="29" complexity="0" loc="15" ncloc="15" packages="1" files="2" classes="2"/>
    <file name="formatInfos.js" path="/home/paulo/Desktop/tech-test/kronos/kronoos-test-main/utils/formatInfos.js">
      <metrics statements="8" coveredstatements="8" conditionals="0" coveredconditionals="0" methods="2" coveredmethods="2"/>
      <line num="1" count="1" type="stmt"/>
      <line num="2" count="1" type="stmt"/>
      <line num="3" count="1" type="stmt"/>
      <line num="4" count="1" type="stmt"/>
      <line num="5" count="1" type="stmt"/>
      <line num="6" count="1" type="stmt"/>
      <line num="9" count="1" type="stmt"/>
      <line num="10" count="1" type="stmt"/>
    </file>
    <file name="validInfos.js" path="/home/paulo/Desktop/tech-test/kronos/kronoos-test-main/utils/validInfos.js">
      <metrics statements="7" coveredstatements="7" conditionals="10" coveredconditionals="10" methods="2" coveredmethods="2"/>
      <line num="1" count="1" type="stmt"/>
      <line num="2" count="3" type="stmt"/>
      <line num="3" count="3" type="cond" truecount="2" falsecount="0"/>
      <line num="4" count="3" type="cond" truecount="2" falsecount="0"/>
      <line num="6" count="3" type="cond" truecount="4" falsecount="0"/>
      <line num="10" count="1" type="stmt"/>
      <line num="11" count="1" type="stmt"/>
    </file>
  </project>
</coverage>
