{"/home/paulo/Desktop/tech-test/kronos/kronoos-test-main/utils/formatInfos.js": {"path":"/home/paulo/Desktop/tech-test/kronos/kronoos-test-main/utils/formatInfos.js","statementMap":{"0":{"start":{"line":1,"column":32},"end":{"line":7,"column":1}},"1":{"start":{"line":2,"column":18},"end":{"line":2,"column":35}},"2":{"start":{"line":3,"column":19},"end":{"line":3,"column":36}},"3":{"start":{"line":4,"column":17},"end":{"line":4,"column":34}},"4":{"start":{"line":5,"column":24},"end":{"line":5,"column":59}},"5":{"start":{"line":6,"column":2},"end":{"line":6,"column":22}},"6":{"start":{"line":9,"column":35},"end":{"line":14,"column":1}},"7":{"start":{"line":10,"column":2},"end":{"line":13,"column":21}}},"fnMap":{"0":{"name":"(anonymous_0)","decl":{"start":{"line":1,"column":32},"end":{"line":1,"column":33}},"loc":{"start":{"line":1,"column":42},"end":{"line":7,"column":1}},"line":1},"1":{"name":"(anonymous_1)","decl":{"start":{"line":9,"column":35},"end":{"line":9,"column":36}},"loc":{"start":{"line":9,"column":49},"end":{"line":14,"column":1}},"line":9}},"branchMap":{},"s":{"0":1,"1":1,"2":1,"3":1,"4":1,"5":1,"6":1,"7":1},"f":{"0":1,"1":1},"b":{},"_coverageSchema":"1a1c01bbd47fc00a2c39e90264f33305004495a9","hash":"78bfc9fba04459287ce0fb48905c8f2a650abb70"}
,"/home/paulo/Desktop/tech-test/kronos/kronoos-test-main/utils/validInfos.js": {"path":"/home/paulo/Desktop/tech-test/kronos/kronoos-test-main/utils/validInfos.js","statementMap":{"0":{"start":{"line":1,"column":30},"end":{"line":8,"column":1}},"1":{"start":{"line":2,"column":28},"end":{"line":2,"column":68}},"2":{"start":{"line":3,"column":16},"end":{"line":3,"column":56}},"3":{"start":{"line":4,"column":17},"end":{"line":4,"column":58}},"4":{"start":{"line":6,"column":2},"end":{"line":7,"column":19}},"5":{"start":{"line":10,"column":28},"end":{"line":11,"column":40}},"6":{"start":{"line":11,"column":2},"end":{"line":11,"column":40}}},"fnMap":{"0":{"name":"(anonymous_0)","decl":{"start":{"line":1,"column":30},"end":{"line":1,"column":31}},"loc":{"start":{"line":1,"column":46},"end":{"line":8,"column":1}},"line":1},"1":{"name":"(anonymous_1)","decl":{"start":{"line":10,"column":28},"end":{"line":10,"column":29}},"loc":{"start":{"line":11,"column":2},"end":{"line":11,"column":40}},"line":11}},"branchMap":{"0":{"loc":{"start":{"line":3,"column":16},"end":{"line":3,"column":56}},"type":"binary-expr","locations":[{"start":{"line":3,"column":16},"end":{"line":3,"column":47}},{"start":{"line":3,"column":51},"end":{"line":3,"column":56}}],"line":3},"1":{"loc":{"start":{"line":4,"column":17},"end":{"line":4,"column":58}},"type":"binary-expr","locations":[{"start":{"line":4,"column":17},"end":{"line":4,"column":48}},{"start":{"line":4,"column":52},"end":{"line":4,"column":58}}],"line":4},"2":{"loc":{"start":{"line":6,"column":9},"end":{"line":7,"column":19}},"type":"cond-expr","locations":[{"start":{"line":6,"column":31},"end":{"line":6,"column":55}},{"start":{"line":7,"column":4},"end":{"line":7,"column":19}}],"line":6},"3":{"loc":{"start":{"line":6,"column":10},"end":{"line":6,"column":27}},"type":"binary-expr","locations":[{"start":{"line":6,"column":10},"end":{"line":6,"column":16}},{"start":{"line":6,"column":20},"end":{"line":6,"column":27}}],"line":6},"4":{"loc":{"start":{"line":7,"column":4},"end":{"line":7,"column":19}},"type":"binary-expr","locations":[{"start":{"line":7,"column":4},"end":{"line":7,"column":9}},{"start":{"line":7,"column":13},"end":{"line":7,"column":19}}],"line":7}},"s":{"0":1,"1":3,"2":3,"3":3,"4":3,"5":1,"6":1},"f":{"0":3,"1":1},"b":{"0":[3,1],"1":[3,1],"2":[1,2],"3":[3,2],"4":[2,1]},"_coverageSchema":"1a1c01bbd47fc00a2c39e90264f33305004495a9","hash":"c5711b705443c2cc4feac1324cff89916c4a5c76"}
}
