TN:
SF:utils/formatInfos.js
FN:1,(anonymous_0)
FN:9,(anonymous_1)
FNF:2
FNH:2
FNDA:1,(anonymous_0)
FNDA:1,(anonymous_1)
DA:1,1
DA:2,1
DA:3,1
DA:4,1
DA:5,1
DA:6,1
DA:9,1
DA:10,1
LF:8
LH:8
BRF:0
BRH:0
end_of_record
TN:
SF:utils/validInfos.js
FN:1,(anonymous_0)
FN:10,(anonymous_1)
FNF:2
FNH:2
FNDA:3,(anonymous_0)
FNDA:1,(anonymous_1)
DA:1,1
DA:2,3
DA:3,3
DA:4,3
DA:6,3
DA:10,1
DA:11,1
LF:7
LH:7
BRDA:3,0,0,3
BRDA:3,0,1,1
BRDA:4,1,0,3
BRDA:4,1,1,1
BRDA:6,2,0,1
BRDA:6,2,1,2
BRDA:6,3,0,3
BRDA:6,3,1,2
BRDA:7,4,0,2
BRDA:7,4,1,1
BRF:10
BRH:10
end_of_record
